<?xml version="1.0" encoding="UTF-8"?>
<testsuites>
  <testsuite name="fastlane.lanes">
    
    
    
      
      <testcase classname="fastlane.lanes" name="00: import_from_git" time="3.638405">
        
      </testcase>
    
      
      <testcase classname="fastlane.lanes" name="01: git_pull" time="3.320318">
        
      </testcase>
    
      
      <testcase classname="fastlane.lanes" name="02: ensure_git_branch" time="0.00678">
        
      </testcase>
    
      
      <testcase classname="fastlane.lanes" name="03: version_bump_podspec" time="0.002877">
        
      </testcase>
    
      
      <testcase classname="fastlane.lanes" name="04: git_add" time="0.490811">
        
      </testcase>
    
      
      <testcase classname="fastlane.lanes" name="05: git_commit" time="0.557556">
        
      </testcase>
    
      
      <testcase classname="fastlane.lanes" name="06: push_to_git_remote" time="19.191533">
        
      </testcase>
    
      
      <testcase classname="fastlane.lanes" name="07: git_tag_exists" time="0.007055">
        
      </testcase>
    
      
      <testcase classname="fastlane.lanes" name="08: remove_git_tag" time="6.009455">
        
      </testcase>
    
      
      <testcase classname="fastlane.lanes" name="09: add_git_tag" time="0.013673">
        
      </testcase>
    
      
      <testcase classname="fastlane.lanes" name="10: push_git_tags" time="5.882441">
        
      </testcase>
    
      
      <testcase classname="fastlane.lanes" name="11: pod_lib_lint" time="107.657828">
        
          <failure message="/Library/Ruby/Gems/2.6.0/gems/fastlane-2.125.2/fastlane/lib/fastlane/actions/actions_helper.rb:48:in `execute_action'&#10;/Library/Ruby/Gems/2.6.0/gems/fastlane-2.125.2/fastlane/lib/fastlane/runner.rb:235:in `block in execute_action'&#10;/Library/Ruby/Gems/2.6.0/gems/fastlane-2.125.2/fastlane/lib/fastlane/runner.rb:227:in `chdir'&#10;/Library/Ruby/Gems/2.6.0/gems/fastlane-2.125.2/fastlane/lib/fastlane/runner.rb:227:in `execute_action'&#10;/Library/Ruby/Gems/2.6.0/gems/fastlane-2.125.2/fastlane/lib/fastlane/runner.rb:157:in `trigger_action_by_name'&#10;/Library/Ruby/Gems/2.6.0/gems/fastlane-2.125.2/fastlane/lib/fastlane/fast_file.rb:154:in `method_missing'&#10;../../../../../var/folders/bj/f76lshcn1d564j2tnjf4dm440000gn/T/fl_clone20191025-10950-1jh9j74/fastlane-files/fastlane/Fastfile:23:in `block in parsing_binding'&#10;/Library/Ruby/Gems/2.6.0/gems/fastlane-2.125.2/fastlane/lib/fastlane/lane.rb:33:in `call'&#10;/Library/Ruby/Gems/2.6.0/gems/fastlane-2.125.2/fastlane/lib/fastlane/runner.rb:49:in `block in execute'&#10;/Library/Ruby/Gems/2.6.0/gems/fastlane-2.125.2/fastlane/lib/fastlane/runner.rb:45:in `chdir'&#10;/Library/Ruby/Gems/2.6.0/gems/fastlane-2.125.2/fastlane/lib/fastlane/runner.rb:45:in `execute'&#10;/Library/Ruby/Gems/2.6.0/gems/fastlane-2.125.2/fastlane/lib/fastlane/lane_manager.rb:56:in `cruise_lane'&#10;/Library/Ruby/Gems/2.6.0/gems/fastlane-2.125.2/fastlane/lib/fastlane/command_line_handler.rb:36:in `handle'&#10;/Library/Ruby/Gems/2.6.0/gems/fastlane-2.125.2/fastlane/lib/fastlane/commands_generator.rb:108:in `block (2 levels) in run'&#10;/Library/Ruby/Gems/2.6.0/gems/commander-fastlane-4.4.6/lib/commander/command.rb:178:in `call'&#10;/Library/Ruby/Gems/2.6.0/gems/commander-fastlane-4.4.6/lib/commander/command.rb:153:in `run'&#10;/Library/Ruby/Gems/2.6.0/gems/commander-fastlane-4.4.6/lib/commander/runner.rb:476:in `run_active_command'&#10;/Library/Ruby/Gems/2.6.0/gems/fastlane-2.125.2/fastlane_core/lib/fastlane_core/ui/fastlane_runner.rb:76:in `run!'&#10;/Library/Ruby/Gems/2.6.0/gems/commander-fastlane-4.4.6/lib/commander/delegates.rb:15:in `run!'&#10;/Library/Ruby/Gems/2.6.0/gems/fastlane-2.125.2/fastlane/lib/fastlane/commands_generator.rb:333:in `run'&#10;/Library/Ruby/Gems/2.6.0/gems/fastlane-2.125.2/fastlane/lib/fastlane/commands_generator.rb:41:in `start'&#10;/Library/Ruby/Gems/2.6.0/gems/fastlane-2.125.2/fastlane/lib/fastlane/cli_tools_distributor.rb:119:in `take_off'&#10;/Library/Ruby/Gems/2.6.0/gems/fastlane-2.125.2/bin/fastlane:23:in `&lt;top (required)&gt;'&#10;/usr/local/bin/fastlane:23:in `load'&#10;/usr/local/bin/fastlane:23:in `&lt;main&gt;'&#10;&#10;Exit status of command 'pod lib lint --allow-warnings --use-libraries' was 1 instead of 0.&#10;&#10; -&gt; PHPayLib -&gt; PHPayLib (0.0.5)&#10;    - NOTE  | [PHPayLib/AliPay, PHPayLib/WeChatPay, PHPayLib/UnionPay, and more...] xcodebuild:  note: Using new build system&#10;    - NOTE  | [PHPayLib/AliPay, PHPayLib/WeChatPay, PHPayLib/UnionPay, and more...] xcodebuild:  note: Planning build&#10;    - NOTE  | [PHPayLib/AliPay, PHPayLib/WeChatPay, PHPayLib/UnionPay, and more...] xcodebuild:  note: Constructing build description&#10;    - NOTE  | [PHPayLib/WeChatPay] xcodebuild:  warning: The iOS Simulator deployment target 'IPHONEOS_DEPLOYMENT_TARGET' is set to 4.3, but the range of supported deployment target versions is 8.0 to 13.0.99. (in target 'FMDB' from project 'Pods')&#10;    - NOTE  | [PHPayLib/AliPay, PHPayLib/WeChatPay, PHPayLib/UnionPay, and more...] xcodebuild:  warning: Skipping code signing because the target does not have an Info.plist file and one is not being generated automatically. (in target 'App' from project 'App')&#10;    - WARN  | xcodebuild:  Headers/Private/YLT_BaseLib/YLT_DBHelper.h:9:9: warning: non-portable path to file '&lt;fmdb/FMDB.h&gt;'; specified path differs in case from file name on disk [-Wnonportable-include-path]&#10;    - WARN  | xcodebuild:  /Users/alex/Code/PHPayLib/PHPayLib/Classes/Channel/UnionPay/PHUnionPay.mm:37:13: warning: block implicitly retains 'self'; explicitly mention 'self' to indicate this is intended behavior [-Wimplicit-retain-self]&#10;    - WARN  | [iOS] xcodebuild:  /Users/alex/Code/PHPayLib/PHPayLib/Classes/Channel/UnionPay/PHUnionPay.mm:37:25: warning: &#10;    - WARN  | [iOS] xcodebuild:  /Users/alex/Code/PHPayLib/PHPayLib/Classes/Channel/UnionPay/PHUnionPay.mm:45:13: warning: block implicitly retains 'self'; explicitly mention 'self' to indicate this is intended behavior [-Wimplicit-retain-self]&#10;    - WARN  | xcodebuild:  /Users/alex/Code/PHPayLib/PHPayLib/Classes/Channel/UnionPay/PHUnionPay.mm:45:25: warning: block implicitly retains 'self'; explicitly mention 'self' to indicate this is intended behavior [-Wimplicit-retain-self]&#10;    - WARN  | [iOS] xcodebuild:  /Users/alex/Code/PHPayLib/PHPayLib/Classes/Channel/UnionPay/PHUnionPay.mm:48:13: warning: &#10;    - WARN  | [iOS] xcodebuild:  /Users/alex/Code/PHPayLib/PHPayLib/Classes/Channel/UnionPay/PHUnionPay.mm:51:13: warning: block implicitly retains 'self'; explicitly mention 'self' to indicate this is intended behavior [-Wimplicit-retain-self]&#10;    - NOTE  | [iOS] xcodebuild:  :51:25: warning: block implicitly retains 'self'; explicitly mention 'self' to indicate this is intended behavior [-Wimplicit-retain-self]&#10;    - WARN  | [iOS] xcodebuild:  /Users/alex/Code/PHPayLib/PHPayLib/Classes/Channel/UnionPay/PHUnionPay.mm:54:13: warning: &#10;    - WARN  | [iOS] xcodebuild:  /Users/alex/Code/PHPayLib/PHPayLib/Classes/Channel/UnionPay/PHUnionPay.mm:54:25: warning: &#10;    - WARN  | [PHPayLib/AliPay] xcodebuild:  /Users/alex/Code/PHPayLib/PHPayLib/Classes/Channel/AliPay/Util/base64.m:112:15: warning: implicit conversion loses integer precision: 'long' to 'int' [-Wshorten-64-to-32]&#10;    - WARN  | [PHPayLib/AliPay] xcodebuild:  /Users/alex/Code/PHPayLib/PHPayLib/Classes/Channel/AliPay/Util/base64.m:177:15: warning: implicit conversion loses integer precision: 'long' to 'int' [-Wshorten-64-to-32]&#10;    - WARN  | [PHPayLib/AliPay] xcodebuild:  /Users/alex/Code/PHPayLib/PHPayLib/Classes/Channel/AliPay/Util/RSADataSigner.m:32:15: warning: implicit conversion loses integer precision: 'NSUInteger' (aka 'unsigned long') to 'int' [-Wshorten-64-to-32]&#10;    - WARN  | [PHPayLib/AliPay] xcodebuild:  /Users/alex/Code/PHPayLib/PHPayLib/Classes/Channel/AliPay/Util/RSADataSigner.m:74:25: warning: implicit conversion loses integer precision: 'unsigned long' to 'int' [-Wshorten-64-to-32]&#10;    - WARN  | xcodebuild:  WechatOpenSDK/WeChatSDK1.8.6.1/WXApiObject.h:385:14: warning: empty paragraph passed to '@attention' command [-Wdocumentation]&#10;    - WARN  | xcodebuild:  WechatOpenSDK/WeChatSDK1.8.6.1/WXApiObject.h:390:14: warning: empty paragraph passed to '@attention' command [-Wdocumentation]&#10;    - WARN  | xcodebuild:  WechatOpenSDK/WeChatSDK1.8.6.1/WXApiObject.h:408:14: warning: empty paragraph passed to '@attention' command [-Wdocumentation]&#10;    - WARN  | xcodebuild:  WechatOpenSDK/WeChatSDK1.8.6.1/WXApiObject.h:1009:9: warning: empty paragraph passed to '@note' command [-Wdocumentation]&#10;    - WARN  | xcodebuild:  WechatOpenSDK/WeChatSDK1.8.6.1/WXApi.h:37:56: warning: empty paragraph passed to '@param' command [-Wdocumentation]&#10;    - WARN  | xcodebuild:  WechatOpenSDK/WeChatSDK1.8.6.1/WXApi.h:37:11: warning: parameter 'resp具体的回应内容，是自动释放的' not found in the function declaration [-Wdocumentation]&#10;    - NOTE  | xcodebuild:  WechatOpenSDK/WeChatSDK1.8.6.1/WXApi.h:37:11: note: did you mean 'resp'?&#10;    - WARN  | xcodebuild:  WechatOpenSDK/WeChatSDK1.8.6.1/WXApi.h:178:11: warning: empty paragraph passed to '@param' command [-Wdocumentation]&#10;    - WARN  | xcodebuild:  /Users/alex/Code/PHPayLib/PHPayLib/Classes/Channel/WxPay/PHWxPay.m:43:13: warning: block implicitly retains 'self'; explicitly mention 'self' to indicate this is intended behavior [-Wimplicit-retain-self]&#10;    - WARN  | xcodebuild:  /Users/alex/Code/PHPayLib/PHPayLib/Classes/Channel/WxPay/PHWxPay.m:43:25: warning: block implicitly retains 'self'; explicitly mention 'self' to indicate this is intended behavior [-Wimplicit-retain-self]&#10;    - WARN  | [PHPayLib/AliPay] xcodebuild:  /Users/alex/Code/PHPayLib/PHPayLib/Classes/Channel/AliPay/Util/openssl_wrapper.m:11:9: warning: non-portable path to file '&lt;openssl/rsa.h&gt;'; specified path differs in case from file name on disk [-Wnonportable-include-path]&#10;    - WARN  | [PHPayLib/AliPay] xcodebuild:  /Users/alex/Code/PHPayLib/PHPayLib/Classes/Channel/AliPay/Util/openssl_wrapper.m:12:9: warning: non-portable path to file '&lt;openssl/pem.h&gt;'; specified path differs in case from file name on disk [-Wnonportable-include-path]&#10;    - WARN  | xcodebuild:  Headers/Public/OpenSSL-Universal/openssl/ecdsa.h:295:14: warning: parameter 'flags' not found in the function declaration [-Wdocumentation]&#10;    - NOTE  | [PHPayLib/AliPay] xcodebuild:  Headers/Public/OpenSSL-Universal/openssl/ecdsa.h:295:14: note: did you mean 'name'?&#10;    - WARN  | xcodebuild:  Headers/Public/OpenSSL-Universal/openssl/ecdsa.h:301:14: warning: parameter 'ecdsa_method' not found in the function declaration [-Wdocumentation]&#10;    - WARN  | xcodebuild:  Headers/Public/OpenSSL-Universal/openssl/ecdsa.h:302:14: warning: parameter 'name' not found in the function declaration [-Wdocumentation]&#10;    - WARN  | xcodebuild:  /Users/alex/Code/PHPayLib/PHPayLib/Classes/Channel/AliPay/Util/openssl_wrapper.m:13:9: warning: non-portable path to file '&lt;openssl/md5.h&gt;'; specified path differs in case from file name on disk [-Wnonportable-include-path]&#10;    - WARN  | xcodebuild:  /Users/alex/Code/PHPayLib/PHPayLib/Classes/Channel/AliPay/Util/openssl_wrapper.m:14:9: warning: non-portable path to file '&lt;openssl/bio.h&gt;'; specified path differs in case from file name on disk [-Wnonportable-include-path]&#10;    - WARN  | xcodebuild:  /Users/alex/Code/PHPayLib/PHPayLib/Classes/Channel/AliPay/Util/openssl_wrapper.m:15:9: warning: non-portable path to file '&lt;openssl/sha.h&gt;'; specified path differs in case from file name on disk [-Wnonportable-include-path]&#10;    - WARN  | [iOS] xcodebuild:  /Users/alex/Code/PHPayLib/PHPayLib/Classes/Channel/AliPay/Util/openssl_wrapper.m:78:27: warning: implicit conversion loses integer precision: 'NSUInteger' (aka 'unsigned long') to 'int' [-Wshorten-64-to-32]&#10;    - WARN  | [iOS] xcodebuild:  /Users/alex/Code/PHPayLib/PHPayLib/Classes/Channel/AliPay/Util/openssl_wrapper.m:89:24: warning: implicit conversion loses integer precision: 'NSUInteger' (aka 'unsigned long') to 'int' [-Wshorten-64-to-32]&#10;    - WARN  | [iOS] xcodebuild:  /Users/alex/Code/PHPayLib/PHPayLib/Classes/Channel/AliPay/Util/openssl_wrapper.m:115:25: warning: implicit conversion loses integer precision: 'unsigned long' to 'int' [-Wshorten-64-to-32]&#10;    - WARN  | [iOS] xcodebuild:  /Users/alex/Code/PHPayLib/PHPayLib/Classes/Channel/AliPay/Util/openssl_wrapper.m:139:25: warning: implicit conversion loses integer precision: 'NSUInteger' (aka 'unsigned long') to 'int' [-Wshorten-64-to-32]&#10;    - WARN  | [iOS] xcodebuild:  /Users/alex/Code/PHPayLib/PHPayLib/Classes/Channel/AliPay/Util/openssl_wrapper.m:142:28: warning: implicit conversion loses integer precision: 'NSUInteger' (aka 'unsigned long') to 'unsigned int' [-Wshorten-64-to-32]&#10;    - WARN  | [iOS] xcodebuild:  /Users/alex/Code/PHPayLib/PHPayLib/Classes/Channel/AliPay/Util/openssl_wrapper.m:161:15: warning: implicit conversion loses integer precision: 'NSUInteger' (aka 'unsigned long') to 'int' [-Wshorten-64-to-32]&#10;    - WARN  | xcodebuild:  /Users/alex/Code/PHPayLib/PHPayLib/Classes/PHPayErrorUtils.m:87:2: warning:  -- [-W#warnings]&#10;    - WARN  | xcodebuild:  /Users/alex/Code/PHPayLib/PHPayLib/Classes/PHPayEngine.m:29:1: warning: undeclared selector 'ylt_init' [-Wundeclared-selector]&#10;    - WARN  | xcodebuild:  /Users/alex/Code/PHPayLib/PHPayLib/Classes/Channel/ApplePay/PHApplePay.m:49:120: warning: 'PKContact' is only available on iOS 9.0 or newer [-Wunguarded-availability]&#10;    - NOTE  | xcodebuild:  /Applications/Xcode.app/Contents/Developer/Platforms/iPhoneSimulator.platform/Developer/SDKs/iPhoneSimulator13.0.sdk/System/Library/Frameworks/PassKit.framework/Headers/PKContact.h:14:12: note: 'PKContact' has been marked as being introduced in iOS 9.0 here, but the deployment target is iOS 8.0.0&#10;    - NOTE  | xcodebuild:  /Users/alex/Code/PHPayLib/PHPayLib/Classes/Channel/ApplePay/PHApplePay.m:49:1: note: annotate 'paymentAuthorizationViewController:didSelectShippingContact:completion:' with an availability attribute to silence this warning&#10;    - WARN  | xcodebuild:  /Users/alex/Code/PHPayLib/PHPayLib/Classes/Channel/ApplePay/PHApplePay.m:28:11: warning: 'PKPaymentAuthorizationController' is only available on iOS 10.0 or newer [-Wunguarded-availability]&#10;    - NOTE  | xcodebuild:  /Applications/Xcode.app/Contents/Developer/Platforms/iPhoneSimulator.platform/Developer/SDKs/iPhoneSimulator13.0.sdk/System/Library/Frameworks/PassKit.framework/Headers/PKPaymentAuthorizationController.h:106:12: note: 'PKPaymentAuthorizationController' has been marked as being introduced in iOS 10.0 here, but the deployment target is iOS 8.0.0&#10;    - NOTE  | xcodebuild:  /Users/alex/Code/PHPayLib/PHPayLib/Classes/Channel/ApplePay/PHApplePay.m:28:11: note: enclose 'PKPaymentAuthorizationController' in an @available check to silence this warning&#10;    - WARN  | xcodebuild:  /Users/alex/Code/PHPayLib/PHPayLib/Classes/Channel/ApplePay/PHApplePay.m:39:91: warning: 'PKMerchantCapabilityCredit' is only available on iOS 9.0 or newer [-Wunguarded-availability]&#10;    - NOTE  | xcodebuild:  /Applications/Xcode.app/Contents/Developer/Platforms/iPhoneSimulator.platform/Developer/SDKs/iPhoneSimulator13.0.sdk/System/Library/Frameworks/PassKit.framework/Headers/PKPaymentRequest.h:26:5: note: 'PKMerchantCapabilityCredit' has been marked as being introduced in iOS 9.0 here, but the deployment target is iOS 8.0.0&#10;    - NOTE  | xcodebuild:  /Users/alex/Code/PHPayLib/PHPayLib/Classes/Channel/ApplePay/PHApplePay.m:39:91: note: enclose 'PKMerchantCapabilityCredit' in an @available check to silence this warning&#10;    - WARN  | xcodebuild:  /Users/alex/Code/PHPayLib/PHPayLib/Classes/Channel/ApplePay/PHApplePay.m:39:120: warning: 'PKMerchantCapabilityDebit' is only available on iOS 9.0 or newer [-Wunguarded-availability]&#10;    - NOTE  | xcodebuild:  /Applications/Xcode.app/Contents/Developer/Platforms/iPhoneSimulator.platform/Developer/SDKs/iPhoneSimulator13.0.sdk/System/Library/Frameworks/PassKit.framework/Headers/PKPaymentRequest.h:27:5: note: 'PKMerchantCapabilityDebit' has been marked as being introduced in iOS 9.0 here, but the deployment target is iOS 8.0.0&#10;    - NOTE  | xcodebuild:  /Users/alex/Code/PHPayLib/PHPayLib/Classes/Channel/ApplePay/PHApplePay.m:39:120: note: enclose 'PKMerchantCapabilityDebit' in an @available check to silence this warning&#10;    - WARN  | xcodebuild:  /Users/alex/Code/PHPayLib/PHPayLib/Classes/Channel/ApplePay/PHApplePay.m:42:38: warning: 'PKPaymentNetworkChinaUnionPay' is only available on iOS 9.2 or newer [-Wunguarded-availability]&#10;    - NOTE  | xcodebuild:  /Applications/Xcode.app/Contents/Developer/Platforms/iPhoneSimulator.platform/Developer/SDKs/iPhoneSimulator13.0.sdk/System/Library/Frameworks/PassKit.framework/Headers/PKConstants.h:22:31: note: 'PKPaymentNetworkChinaUnionPay' has been marked as being introduced in iOS 9.2 here, but the deployment target is iOS 8.0.0&#10;    - NOTE  | xcodebuild:  /Users/alex/Code/PHPayLib/PHPayLib/Classes/Channel/ApplePay/PHApplePay.m:42:38: note: enclose 'PKPaymentNetworkChinaUnionPay' in an @available check to silence this warning&#10;    - WARN  | xcodebuild:  /Users/alex/Code/PHPayLib/PHPayLib/Classes/Channel/AliPay/AlipaySDK.framework/Headers/APayAuthInfo.h:21:12: warning: parameter 'productIDStr' not found in the function declaration [-Wdocumentation]&#10;    - WARN  | xcodebuild:  /Users/alex/Code/PHPayLib/PHPayLib/Classes/Channel/AliPay/AlipaySDK.framework/Headers/AlipaySDK.h:50:12: warning: parameter 'compltionBlock' not found in the function declaration [-Wdocumentation]&#10;    - NOTE  | xcodebuild:  /Users/alex/Code/PHPayLib/PHPayLib/Classes/Channel/AliPay/AlipaySDK.framework/Headers/AlipaySDK.h:50:12: note: did you mean 'completionBlock'?&#10;    - WARN  | xcodebuild:  /Users/alex/Code/PHPayLib/PHPayLib/Classes/Channel/AliPay/AlipaySDK.framework/Headers/AlipaySDK.h:122:12: warning: parameter 'compltionBlock' not found in the function declaration [-Wdocumentation]&#10;    - NOTE  | xcodebuild:  /Users/alex/Code/PHPayLib/PHPayLib/Classes/Channel/AliPay/AlipaySDK.framework/Headers/AlipaySDK.h:122:12: note: did you mean 'completionBlock'?&#10;    - WARN  | [iOS] xcodebuild:  /Users/alex/Code/PHPayLib/PHPayLib/Classes/Channel/UnionPay/PHUnionPay.mm:37:25: warning: block implicitly retains 'self'; explicitly mention 'self' to indicate this is intended behavior [-Wimplicit-retain-self]&#10;    - NOTE  | [iOS] xcodebuild:  45:13: warning: block implicitly retains 'self'; explicitly mention 'self' to indicate this is intended behavior [-Wimplicit-retain-self]&#10;    - WARN  | [iOS] xcodebuild:  /Users/alex/Code/PHPayLib/PHPayLib/Classes/Channel/UnionPay/PHUnionPay.mm:48:13: warning: block implicitly retains 'self'; explicitly mention 'self' to indicate this is intended behavior [-Wimplicit-retain-self]&#10;    - NOTE  | [iOS] xcodebuild:  13: warning: &#10;    - NOTE  | [iOS] xcodebuild:  :25: warning: block implicitly retains 'self'; explicitly mention 'self' to indicate this is intended behavior [-Wimplicit-retain-self]&#10;    - WARN  | [iOS] xcodebuild:  /Users/alex/Code/PHPayLib/PHPayLib/Classes/Channel/UnionPay/PHUnionPay.mm:54:13: warning: block implicitly retains 'self'; explicitly mention 'self' to indicate this is intended behavior [-Wimplicit-retain-self]&#10;    - WARN  | [iOS] xcodebuild:  /Users/alex/Code/PHPayLib/PHPayLib/Classes/Channel/ApplePay/PHApplePay.m:71:47: warning: incompatible pointer to integer conversion sending 'PKPaymentAuthorizationViewController *__strong _Nonnull' to parameter of type 'BOOL' (aka 'signed char') [-Wint-conversion]&#10;    - NOTE  | [iOS] xcodebuild:  /Applications/Xcode.app/Contents/Developer/Platforms/iPhoneSimulator.platform/Developer/SDKs/iPhoneSimulator13.0.sdk/System/Library/Frameworks/UIKit.framework/Headers/UIViewController.h:219:46: note: passing argument to parameter 'flag' here&#10;    - NOTE  | [iOS] xcodebuild:  ld: warning: could not create compact unwind for _DES_read_password: stack subl instruction is too different from dwarf stack size&#10;    - NOTE  | [iOS] xcodebuild:  ld: warning: could not create compact unwind for _DES_read_2passwords: stack subl instruction is too different from dwarf stack size&#10;    - NOTE  | [iOS] xcodebuild:  ld: warning: could not create compact unwind for _RAND_load_file: stack subl instruction is too different from dwarf stack size&#10;    - NOTE  | [iOS] xcodebuild:  ld: warning: could not create compact unwind for _RAND_write_file: stack subl instruction is too different from dwarf stack size&#10;    - NOTE  | [iOS] xcodebuild:  ld: warning: could not create compact unwind for _ERR_print_errors_cb: stack subl instruction is too different from dwarf stack size&#10;    - NOTE  | [iOS] xcodebuild:  ld: warning: could not create compact unwind for _ERR_print_errors: stack subl instruction is too different from dwarf stack size&#10;    - NOTE  | [iOS] xcodebuild:  ld: warning: could not create compact unwind for _PEM_SealUpdate: stack subl instruction is too different from dwarf stack size&#10;    - NOTE  | [iOS] xcodebuild:  ld: warning: could not create compact unwind for _PEM_X509_INFO_write_bio: stack subl instruction is too different from dwarf stack size&#10;    - NOTE  | [iOS] xcodebuild:  ld: warning: could not create compact unwind for _PEM_read_bio_PrivateKey: stack subl instruction is too different from dwarf stack size&#10;    - NOTE  | [iOS] xcodebuild:  ld: warning: could not create compact unwind for _process_pci_value: stack subl instruction is too different from dwarf stack size&#10;    - NOTE  | [iOS] xcodebuild:  ld: warning: could not create compact unwind for _PKCS7_verify: stack subl instruction is too different from dwarf stack size&#10;    - NOTE  | [iOS] xcodebuild:  ld: warning: could not create compact unwind for _PKCS7_decrypt: stack subl instruction is too different from dwarf stack size&#10;    - NOTE  | [iOS] xcodebuild:  ld: warning: could not create compact unwind for _read_string_inner: stack subl instruction is too different from dwarf stack size&#10;    - NOTE  | [iOS] xcodebuild:  ld: warning: could not create compact unwind for _pkey_GOST01cp_encrypt: stack subl instruction is too different from dwarf stack size&#10;    - NOTE  | [iOS] xcodebuild:  ld: warning: could not create compact unwind for _pkey_GOST01cp_decrypt: stack subl instruction is too different from dwarf stack size&#10;    - NOTE  | [iOS] xcodebuild:  warning: (i386) /Users/scmbuild/workspace/standard-pay/IOS/cp_record_client_release_791691/2355/mspc_iphone_msdk/AlipaySDK4Standard/AlipaySDK/Library/UTDID.framework/UTDID(UTDIDAES.o) unable to open object file: No such file or directory&#10;    - NOTE  | [iOS] xcodebuild:  warning: (i386) /Users/scmbuild/workspace/standard-pay/IOS/cp_record_client_release_791691/2355/mspc_iphone_msdk/AlipaySDK4Standard/AlipaySDK/Library/UTDID.framework/UTDID(UTDIDBaseUtils.o) unable to open object file: No such file or directory&#10;    - NOTE  | [iOS] xcodebuild:  warning: (i386&#10;    - NOTE  | [iOS] xcodebuild:  warning: (i386) /Users/scmbuild/workspace/standard-pay/IOS/cp_record_client_release_791691/2355/mspc_iphone_msdk/AlipaySDK4Standard/AlipaySDK/Library/UTDID.framework/UTDID(AidManager.o)&#10;    - NOTE  | [iOS] xcodebuild:  warning: (i386) /Users/scmbuild/workspace/standard-pay/IOS/cp_record_client_release_791691/2355/mspc_iphone_msdk/AlipaySDK4Standard/AlipaySDK/Library/UTDID.framework/UTDID(UTDIDIntUtils.o) unable to open object file: No such file or directory&#10;    - NOTE  | [iOS] xcodebuild:  warning: (i386) /Users/scmbuild/workspace/standard-pay/IOS/cp_record_client_release_791691/2355/mspc_iphone_msdk/AlipaySDK4Standard/AlipaySDK/Library/UTDID.framework/UTDID(UTDIDStringUtils.o) unable to open object file: No such file or directory&#10;    - NOTE  | [iOS] xcodebuild:  warning: (i386) /Users/scmbuild/workspace/standard-pay/IOS/cp_record_client_release_791691/2355/mspc_iphone_msdk/AlipaySDK4Standard/AlipaySDK/Library/UTDID.framework/UTDID(UTDIDTypeConvert.o) unable to open object file: No such file or directory&#10;    - NOTE  | [iOS] xcodebuild:  warning: (i386) /Users/scmbuild/workspace/standard-pay/IOS/cp_record_client_release_791691/2355/mspc_iphone_msdk/AlipaySDK4Standard/AlipaySDK/Library/UTDID.framework/UTDID(UTDIDMain.o) unable to open object file: No such file or directory&#10;    - NOTE  | [iOS] xcodebuild:  warning: (i386) /Users/scmbuild/workspace/standard-pay/IOS/cp_record_client_release_791691/2355/mspc_iphone_msdk/AlipaySDK4Standard/AlipaySDK/Library/UTDID.framework/UTDID(UTDIDOpenUDID.o) unable to open object file: No such file or directory&#10;    - NOTE  | [iOS] xcodebuild:  warning: (i386) /Users/scmbuild/workspace/standard-pay/IOS/cp_record_client_release_791691/2355/mspc_iphone_msdk/AlipaySDK4Standard/AlipaySDK/Library/UTDID.framework/UTDID(UTDIDHelper.o) unable to open object file: No such file or directory&#10;    - NOTE  | [iOS] xcodebuild:  warning: (i386) /Users/scmbuild/workspace/standard-pay/IOS/cp_record_client_release_791691/2355/mspc_iphone_msdk/AlipaySDK4Standard/AlipaySDK/Library/UTDID.framework/UTDID(AidStorage.o) unable to open object file: No such file or directory&#10;    - NOTE  | [iOS] xcodebuild:  warning: (i386) /Users/scmbuild/workspace/standard-pay/IOS/cp_record_client_release_791691/2355/mspc_iphone_msdk/AlipaySDK4Standard/AlipaySDK/Library/UTDID.framework/UTDID(UTDevice.o) unable to open object file: No such file or directory&#10;    - NOTE  | [iOS] xcodebuild:  warning: (i386) /Users/scmbuild/workspace/standard-pay/IOS/cp_record_client_release_791691/2355/mspc_iphone_msdk/AlipaySDK4Standard/AlipaySDK/Library/UTDID.framework/UTDID(UTDIDKeychainItemWrapper.o) unable to open object file: No such file or directory&#10;    - NOTE  | [iOS] xcodebuild:  warning: (i386) /Users/scmbuild/workspace/standard-pay/IOS/cp_record_client_release_791691/2355/mspc_iphone_msdk/AlipaySDK4Standard/AlipaySDK/Library/UTDID.framework/UTDID(UTDIDPersistentConf.o) unable to open object file: No such file or directory&#10;    - NOTE  | [iOS] xcodebuild:  warning: (i386) /Users/scmbuild/workspace/standard-pay/IOS/cp_record_client_release_791691/2355/mspc_iphone_msdk/AlipaySDK4Standard/AlipaySDK/Library/UTDID.framework/UTDID(UTDIDPersistentFile.o) unable to open object file: No such file or directory&#10;    - NOTE  | [iOS] xcodebuild:  warning: (i386) /Users/scmbuild/workspace/standard-pay/IOS/cp_record_client_release_791691/2355/mspc_iphone_msdk/AlipaySDK4Standard/AlipaySDK/Library/UTDID.framework/UTDID(UTDIDGTMBase64.o) unable to open object file: No such file or directory&#10;    - NOTE  | [iOS] xcodebuild:  warning: (x86_64) /Users/scmbuild/workspace/standard-pay/IOS/cp_record_client_release_791691/2355/mspc_iphone_msdk/AlipaySDK4Standard/AlipaySDK/Library/UTDID.framework/UTDID(UTDIDAES.o) unable to open object file: No such file or directory&#10;    - NOTE  | [iOS] xcodebuild:  warning: (x86_64) /Users/scmbuild/workspace/standard-pay/IOS/cp_record_client_release_791691/2355/mspc_iphone_msdk/AlipaySDK4Standard/AlipaySDK/Library/UTDID.framework/UTDID(UTDIDBaseUtils.o) unable to open object file: No such file or directory&#10;    - NOTE  | [iOS] xcodebuild:  warning: (x86_64) /Users/scmbuild/workspace/standard-pay/IOS/cp_record_client_release_791691/2355/mspc_iphone_msdk/AlipaySDK4Standard/AlipaySDK/Library/UTDID.framework/UTDID(AidRequester.o) unable to open object file: No such file or directory&#10;    - NOTE  | [iOS] xcodebuild:  warning: (&#10;    - NOTE  | [iOS] xcodebuild:  warning: (x86_64) /Users/scmbuild/workspace/standard-pay/IOS/cp_record_client_release_791691/2355/mspc_iphone_msdk/AlipaySDK4Standard/AlipaySDK/Library/UTDID.framework/UTDID(UTDIDIntUtils.o) unable to open object file: No such file or directory&#10;    - NOTE  | [iOS] xcodebuild:  warning: (x86_64) /Users/scmbuild/workspace/standard-pay/IOS/cp_record_client_release_791691/2355/mspc_iphone_msdk/AlipaySDK4Standard/AlipaySDK/Library/UTDID.framework/UTDID(UTDIDStringUtils.o) unable to open object file: No such file or directory&#10;    - NOTE  | [iOS] xcodebuild:  warning: (x86_64) /Users/scmbuild/workspace/standard-pay/IOS/cp_record_client_release_791691/2355/mspc_iphone_msdk/AlipaySDK4Standard/AlipaySDK/Library/UTDID.framework/UTDID(UTDIDTypeConvert.o) unable to open object file: No such file or directory&#10;    - NOTE  | [iOS] xcodebuild:  warning: (x86_64) /Users/scmbuild/workspace/standard-pay/IOS/cp_record_client_release_791691/2355/mspc_iphone_msdk/AlipaySDK4Standard/AlipaySDK/Library/UTDID.framework/UTDID(UTDIDMain.o) unable to open object file: No such file or directory&#10;    - NOTE  | [iOS] xcodebuild:  warning: (x86_64) /Users/scmbuild/workspace/standard-pay/IOS/cp_record_client_release_791691/2355/mspc_iphone_msdk/AlipaySDK4Standard/AlipaySDK/Library/UTDID.framework/UTDID(UTDIDOpenUDID.o) unable to open object file: No such file or directory&#10;    - NOTE  | [iOS] xcodebuild:  warning: (x86_64) /Users/scmbuild/workspace/standard-pay/IOS/cp_record_client_release_791691/2355/mspc_iphone_msdk/AlipaySDK4Standard/AlipaySDK/Library/UTDID.framework/UTDID(UTDIDHelper.o) unable to open object file: No such file or directory&#10;    - NOTE  | [iOS] xcodebuild:  warning: (x86_64) /Users/scmbuild/workspace/standard-pay/IOS/cp_record_client_release_791691/2355/mspc_iphone_msdk/AlipaySDK4Standard/AlipaySDK/Library/UTDID.framework/UTDID(AidStorage.o) unable to open object file: No such file or directory&#10;    - NOTE  | [iOS] xcodebuild:  warning: (x86_64) /Users/scmbuild/workspace/standard-pay/IOS/cp_record_client_release_791691/2355/mspc_iphone_msdk/AlipaySDK4Standard/AlipaySDK/Library/UTDID.framework/UTDID(UTDevice.o) unable to open object file: No such file or directory&#10;    - NOTE  | [iOS] xcodebuild:  warning: (x86_64) /Users/scmbuild/workspace/standard-pay/IOS/cp_record_client_release_791691/2355/mspc_iphone_msdk/AlipaySDK4Standard/AlipaySDK/Library/UTDID.framework/UTDID(UTDIDKeychainItemWrapper.o) unable to open object file: No such file or directory&#10;    - NOTE  | [iOS] xcodebuild:  warning: (x86_64) /Users/scmbuild/workspace/standard-pay/IOS/cp_record_client_release_791691/2355/mspc_iphone_msdk/AlipaySDK4Standard/AlipaySDK/Library/UTDID.framework/UTDID(UTDIDPersistentConf.o) unable to open object file: No such file or directory&#10;    - NOTE  | [iOS] xcodebuild:  warning: (x86_64) /Users/scmbuild/workspace/standard-pay/IOS/cp_record_client_release_791691/2355/mspc_iphone_msdk/AlipaySDK4Standard/AlipaySDK/Library/UTDID.framework/UTDID(UTDIDPersistentFile.o) unable to open object file: No such file or directory&#10;    - NOTE  | [iOS] xcodebuild:  warning: (x86_64) /Users/scmbuild/workspace/standard-pay/IOS/cp_record_client_release_791691/2355/mspc_iphone_msdk/AlipaySDK4Standard/AlipaySDK/Library/UTDID.framework/UTDID(UTDIDGTMBase64.o) unable to open object file: No such file or directory&#10;    - NOTE  | [iOS] xcodebuild:  note: Execution policy exception registration failed and was skipped: Error Domain=NSPOSIXErrorDomain Code=1 &quot;Operation not permitted&quot; (in target 'App' from project 'App')&#10;    - NOTE  | [PHPayLib/AliPay, PHPayLib/WeChatPay, PHPayLib/UnionPay, and more...] xcodebuild:  warning: The iOS Simulator deployment target 'IPHONEOS_DEPLOYMENT_TARGET' is set to 6.0, but the range of supported deployment target versions is 8.0 to 13.0.99. (in target 'OpenSSL-Universal' from project 'Pods')&#10;    - NOTE  | [iOS] xcodebuild:  warning: The iOS Simulator deployment target 'IPHONEOS_DEPLOYMENT_TARGET' is set to 4.3, but the range of supported deployment target versions is 8.0 to 13.0.99. (in target 'FastCoding' from project 'Pods')warning: no rule to process file 'YLT_BaseLib/YLT_BaseLib/Classes/Manager/script/route.sh' of type 'text.script.sh' for architecture 'i386' (in target 'YLT_BaseLib' from project 'Pods')warning: no rule to process file 'YLT_BaseLib/YLT_BaseLib/Classes/Manager/script/source.txt' of type 'text' for architecture 'i386' (in target 'YLT_BaseLib' from project 'Pods')warning: no rule to process file 'YLT_BaseLib/YLT_BaseLib/Classes/Manager/script/route.sh' of type 'text.script.sh' for architecture 'x86_64' (in target 'YLT_BaseLib' from project 'Pods')warning: no rule to process file 'YLT_BaseLib/YLT_BaseLib/Classes/Manager/script/source.txt' of type 'text' for architecture 'x86_64' (in target 'YLT_BaseLib' from project 'Pods')&#10;    - ERROR | [PHPayLib/AliPay, PHPayLib/WeChatPay, PHPayLib/UnionPay, and more...] xcodebuild: Returned an unsuccessful exit code. You can use `--verbose` for more information.&#10;    - NOTE  | [PHPayLib/AliPay, PHPayLib/WeChatPay, PHPayLib/IapPay, and more...] xcodebuild:  warning: The iOS Simulator deployment target 'IPHONEOS_DEPLOYMENT_TARGET' is set to 4.3, but the range of supported deployment target versions is 8.0 to 13.0.99. (in target 'FastCoding' from project 'Pods')&#10;    - NOTE  | [iOS] [PHPayLib/AliPay] xcodebuild:  warning: parameter 'flags' not found in the function declaration [-Wdocumentation]&#10;    - NOTE  | [iOS] [PHPayLib/AliPay] xcodebuild:  :14: warning: parameter 'ecdsa_method' not found in the function declaration [-Wdocumentation]&#10;    - NOTE  | [iOS] [PHPayLib/AliPay] xcodebuild:  :14: warning: parameter 'name' not found in the function declaration [-Wdocumentation]&#10;    - NOTE  | [iOS] [PHPayLib/AliPay] xcodebuild:  /Users/alex/Code/PHPayLib/PHPayLib/Classes/Channel/AliPay/PHAliPay.h:11:9: fatal error: 'PHPayProtocol.h' file not found&#10;    - NOTE  | [PHPayLib/AliPay,PHPayLib/IapPay] xcodebuild:  warning: The iOS Simulator deployment target 'IPHONEOS_DEPLOYMENT_TARGET' is set to 4.3, but the range of supported deployment target versions is 8.0 to 13.0.99. (in target 'FMDB' from project 'Pods')warning: no rule to process file 'YLT_BaseLib/YLT_BaseLib/Classes/Manager/script/route.sh' of type 'text.script.sh' for architecture 'i386' (in target 'YLT_BaseLib' from project 'Pods')warning: no rule to process file 'YLT_BaseLib/YLT_BaseLib/Classes/Manager/script/source.txt' of type 'text' for architecture 'i386' (in target 'YLT_BaseLib' from project 'Pods')warning: no rule to process file 'YLT_BaseLib/YLT_BaseLib/Classes/Manager/script/route.sh' of type 'text.script.sh' for architecture 'x86_64' (in target 'YLT_BaseLib' from project 'Pods')warning: no rule to process file 'YLT_BaseLib/YLT_BaseLib/Classes/Manager/script/source.txt' of type 'text' for architecture 'x86_64' (in target 'YLT_BaseLib' from project 'Pods')&#10;    - NOTE  | [PHPayLib/WeChatPay] xcodebuild:  /Users/alex/Code/PHPayLib/PHPayLib/Classes/Channel/WxPay/PHWxPay.h:11:9: fatal error: 'PHPayProtocol.h' file not found&#10;    - NOTE  | [iOS] [PHPayLib/WeChatPay] xcodebuild:  warning: no rule to process file 'YLT_BaseLib/YLT_BaseLib/Classes/Manager/script/route.sh' of type 'text.script.sh' for architecture 'i386' (in target 'YLT_BaseLib' from project 'Pods')warning: no rule to process file 'YLT_BaseLib/YLT_BaseLib/Classes/Manager/script/source.txt' of type 'text' for architecture 'i386' (in target 'YLT_BaseLib' from project 'Pods')warning: no rule to process file 'YLT_BaseLib/YLT_BaseLib/Classes/Manager/script/route.sh' of type 'text.script.sh' for architecture 'x86_64' (in target 'YLT_BaseLib' from project 'Pods')warning: no rule to process file 'YLT_BaseLib/YLT_BaseLib/Classes/Manager/script/source.txt' of type 'text' for architecture 'x86_64' (in target 'YLT_BaseLib' from project 'Pods')&#10;    - NOTE  | [PHPayLib/UnionPay] xcodebuild:  /Users/alex/Code/PHPayLib/PHPayLib/Classes/Channel/UnionPay/PHUnionPay.h:11:9: fatal error: 'PHPayProtocol.h' file not found&#10;    - NOTE  | [iOS] [PHPayLib/UnionPay] xcodebuild:  warning: The iOS Simulator deployment target 'IPHONEOS_DEPLOYMENT_TARGET' is set to 4.3, but the range of supported deployment target versions is 8.0 to 13.0.99. (in target 'FastCoding' from project 'Pods')warning: The iOS Simulator deployment target 'IPHONEOS_DEPLOYMENT_TARGET' is set to 4.3, but the range of supported deployment target versions is 8.0 to 13.0.99. (in target 'FMDB' from project 'Pods')warning: no rule to process file 'YLT_BaseLib/YLT_BaseLib/Classes/Manager/script/route.sh' of type 'text.script.sh' for architecture 'i386' (in target 'YLT_BaseLib' from project 'Pods')warning: no rule to process file 'YLT_BaseLib/YLT_BaseLib/Classes/Manager/script/source.txt' of type 'text' for architecture 'i386' (in target 'YLT_BaseLib' from project 'Pods')warning: no rule to process file 'YLT_BaseLib/YLT_BaseLib/Classes/Manager/script/route.sh' of type 'text.script.sh' for architecture 'x86_64' (in target 'YLT_BaseLib' from project 'Pods')warning: no rule to process file 'YLT_BaseLib/YLT_BaseLib/Classes/Manager/script/source.txt' of type 'text' for architecture 'x86_64' (in target 'YLT_BaseLib' from project 'Pods')&#10;    - NOTE  | [iOS] [PHPayLib/ApplePay] xcodebuild:  warning: no rule to process file 'YLT_BaseLib/YLT_BaseLib/Classes/Manager/script/route.sh' of type 'text.script.sh' for architecture 'i386' (in target 'YLT_BaseLib' from project 'Pods')&#10;    - NOTE  | [iOS] [PHPayLib/ApplePay] xcodebuild:  warning: no rule to process file 'YLT_BaseLib/YLT_BaseLib/Classes/Manager/script/source.txt' of type 'text' for architecture 'i386' (in target 'YLT_BaseLib' from project 'Pods')&#10;    - NOTE  | [iOS] [PHPayLib/ApplePay] xcodebuild:  warning: no rule to process file 'YLT_BaseLib/YLT_BaseLib/Classes/Manager/script/route.sh' of type 'text.script.sh' for architecture 'x86_64' (in target 'YLT_BaseLib' from project 'Pods')&#10;    - NOTE  | [iOS] [PHPayLib/ApplePay] xcodebuild:  warning: no rule to process file 'YLT_BaseLib/YLT_BaseLib/Classes/Manager/script/source.txt' of type 'text' for architecture 'x86_64' (in target 'YLT_BaseLib' from project 'Pods')&#10;    - NOTE  | [PHPayLib/ApplePay] xcodebuild:  /Users/alex/Code/PHPayLib/PHPayLib/Classes/Channel/ApplePay/PHApplePay.h:10:9: fatal error: 'PHPayProtocol.h' file not found&#10;    - NOTE  | [iOS] [PHPayLib/ApplePay] xcodebuild:  warning: The iOS Simulator deployment target 'IPHONEOS_DEPLOYMENT_TARGET' is set to 4.3, but the range of supported deployment target versions is 8.0 to 13.0.99. (in target 'FastCoding' from project 'Pods')warning: The iOS Simulator deployment target 'IPHONEOS_DEPLOYMENT_TARGET' is set to 4.3, but the range of supported deployment target versions is 8.0 to 13.0.99. (in target 'FMDB' from project 'Pods')&#10;    - NOTE  | [PHPayLib/IapPay] xcodebuild:  /Users/alex/Code/PHPayLib/PHPayLib/Classes/Channel/IapPay/PHIapPay.h:10:9: fatal error: 'PHPayProtocol.h' file not found&#10;&#10;[!] PHPayLib did not pass validation, due to 1 error.&#10;You can use the `--no-clean` option to inspect any issue.&#10;" />
        
      </testcase>
    
  </testsuite>
</testsuites>
